  PluginProcessor.cpp
  PluginEditor.cpp
c:\users\jamie\desktop\c++practiceplugins\pfmproject0\source\pluginprocessor.h(20): error C2653: 'juce': is not a class or namespace name (compiling source file ..\..\Source\PluginProcessor.cpp)
c:\users\jamie\desktop\c++practiceplugins\pfmproject0\source\pluginprocessor.h(20): error C2653: 'juce': is not a class or namespace name (compiling source file ..\..\Source\PluginEditor.cpp)
c:\users\jamie\desktop\c++practiceplugins\pfmproject0\source\pluginprocessor.h(20): error C2504: 'AudioProcessor': base class undefined (compiling source file ..\..\Source\PluginProcessor.cpp)
c:\users\jamie\desktop\c++practiceplugins\pfmproject0\source\pluginprocessor.h(20): error C2504: 'AudioProcessor': base class undefined (compiling source file ..\..\Source\PluginEditor.cpp)
c:\users\jamie\desktop\c++practiceplugins\pfmproject0\source\pluginprocessor.h(31): error C4430: missing type specifier - int assumed. Note: C++ does not support default-int (compiling source file ..\..\Source\PluginProcessor.cpp)
c:\users\jamie\desktop\c++practiceplugins\pfmproject0\source\pluginprocessor.h(31): error C4430: missing type specifier - int assumed. Note: C++ does not support default-int (compiling source file ..\..\Source\PluginEditor.cpp)
c:\users\jamie\desktop\c++practiceplugins\pfmproject0\source\pluginprocessor.h(31): error C2143: syntax error: missing ',' before '&' (compiling source file ..\..\Source\PluginProcessor.cpp)
c:\users\jamie\desktop\c++practiceplugins\pfmproject0\source\pluginprocessor.h(31): error C2143: syntax error: missing ',' before '&' (compiling source file ..\..\Source\PluginEditor.cpp)
c:\users\jamie\desktop\c++practiceplugins\pfmproject0\source\pluginprocessor.h(34): error C2653: 'juce': is not a class or namespace name (compiling source file ..\..\Source\PluginProcessor.cpp)
c:\users\jamie\desktop\c++practiceplugins\pfmproject0\source\pluginprocessor.h(34): error C2653: 'juce': is not a class or namespace name (compiling source file ..\..\Source\PluginEditor.cpp)
c:\users\jamie\desktop\c++practiceplugins\pfmproject0\source\pluginprocessor.h(34): error C2061: syntax error: identifier 'AudioBuffer' (compiling source file ..\..\Source\PluginProcessor.cpp)
c:\users\jamie\desktop\c++practiceplugins\pfmproject0\source\pluginprocessor.h(34): error C2061: syntax error: identifier 'AudioBuffer' (compiling source file ..\..\Source\PluginEditor.cpp)
c:\users\jamie\desktop\c++practiceplugins\pfmproject0\source\pluginprocessor.h(37): error C2653: 'juce': is not a class or namespace name (compiling source file ..\..\Source\PluginProcessor.cpp)
c:\users\jamie\desktop\c++practiceplugins\pfmproject0\source\pluginprocessor.h(37): error C2653: 'juce': is not a class or namespace name (compiling source file ..\..\Source\PluginEditor.cpp)
c:\users\jamie\desktop\c++practiceplugins\pfmproject0\source\pluginprocessor.h(37): error C2143: syntax error: missing ';' before '*' (compiling source file ..\..\Source\PluginProcessor.cpp)
c:\users\jamie\desktop\c++practiceplugins\pfmproject0\source\pluginprocessor.h(37): error C2143: syntax error: missing ';' before '*' (compiling source file ..\..\Source\PluginEditor.cpp)
c:\users\jamie\desktop\c++practiceplugins\pfmproject0\source\pluginprocessor.h(37): error C4430: missing type specifier - int assumed. Note: C++ does not support default-int (compiling source file ..\..\Source\PluginProcessor.cpp)
c:\users\jamie\desktop\c++practiceplugins\pfmproject0\source\pluginprocessor.h(37): error C4430: missing type specifier - int assumed. Note: C++ does not support default-int (compiling source file ..\..\Source\PluginEditor.cpp)
c:\users\jamie\desktop\c++practiceplugins\pfmproject0\source\pluginprocessor.h(37): error C2238: unexpected token(s) preceding ';' (compiling source file ..\..\Source\PluginProcessor.cpp)
c:\users\jamie\desktop\c++practiceplugins\pfmproject0\source\pluginprocessor.h(37): error C2238: unexpected token(s) preceding ';' (compiling source file ..\..\Source\PluginEditor.cpp)
c:\users\jamie\desktop\c++practiceplugins\pfmproject0\source\pluginprocessor.h(41): error C2653: 'juce': is not a class or namespace name (compiling source file ..\..\Source\PluginProcessor.cpp)
c:\users\jamie\desktop\c++practiceplugins\pfmproject0\source\pluginprocessor.h(41): error C2653: 'juce': is not a class or namespace name (compiling source file ..\..\Source\PluginEditor.cpp)
c:\users\jamie\desktop\c++practiceplugins\pfmproject0\source\pluginprocessor.h(41): error C4430: missing type specifier - int assumed. Note: C++ does not support default-int (compiling source file ..\..\Source\PluginProcessor.cpp)
c:\users\jamie\desktop\c++practiceplugins\pfmproject0\source\pluginprocessor.h(41): error C4430: missing type specifier - int assumed. Note: C++ does not support default-int (compiling source file ..\..\Source\PluginEditor.cpp)
c:\users\jamie\desktop\c++practiceplugins\pfmproject0\source\pluginprocessor.h(41): error C3646: 'getName': unknown override specifier (compiling source file ..\..\Source\PluginProcessor.cpp)
c:\users\jamie\desktop\c++practiceplugins\pfmproject0\source\pluginprocessor.h(41): error C3646: 'getName': unknown override specifier (compiling source file ..\..\Source\PluginEditor.cpp)
c:\users\jamie\desktop\c++practiceplugins\pfmproject0\source\pluginprocessor.h(41): error C2059: syntax error: ')' (compiling source file ..\..\Source\PluginProcessor.cpp)
c:\users\jamie\desktop\c++practiceplugins\pfmproject0\source\pluginprocessor.h(41): error C2059: syntax error: ')' (compiling source file ..\..\Source\PluginEditor.cpp)
c:\users\jamie\desktop\c++practiceplugins\pfmproject0\source\pluginprocessor.h(41): error C2238: unexpected token(s) preceding ';' (compiling source file ..\..\Source\PluginProcessor.cpp)
c:\users\jamie\desktop\c++practiceplugins\pfmproject0\source\pluginprocessor.h(41): error C2238: unexpected token(s) preceding ';' (compiling source file ..\..\Source\PluginEditor.cpp)
c:\users\jamie\desktop\c++practiceplugins\pfmproject0\source\pluginprocessor.h(52): error C2653: 'juce': is not a class or namespace name (compiling source file ..\..\Source\PluginProcessor.cpp)
c:\users\jamie\desktop\c++practiceplugins\pfmproject0\source\pluginprocessor.h(52): error C2653: 'juce': is not a class or namespace name (compiling source file ..\..\Source\PluginEditor.cpp)
c:\users\jamie\desktop\c++practiceplugins\pfmproject0\source\pluginprocessor.h(52): error C4430: missing type specifier - int assumed. Note: C++ does not support default-int (compiling source file ..\..\Source\PluginProcessor.cpp)
c:\users\jamie\desktop\c++practiceplugins\pfmproject0\source\pluginprocessor.h(52): error C4430: missing type specifier - int assumed. Note: C++ does not support default-int (compiling source file ..\..\Source\PluginEditor.cpp)
c:\users\jamie\desktop\c++practiceplugins\pfmproject0\source\pluginprocessor.h(52): error C3646: 'getProgramName': unknown override specifier (compiling source file ..\..\Source\PluginProcessor.cpp)
c:\users\jamie\desktop\c++practiceplugins\pfmproject0\source\pluginprocessor.h(52): error C3646: 'getProgramName': unknown override specifier (compiling source file ..\..\Source\PluginEditor.cpp)
c:\users\jamie\desktop\c++practiceplugins\pfmproject0\source\pluginprocessor.h(52): error C2062: type 'int' unexpected (compiling source file ..\..\Source\PluginProcessor.cpp)
c:\users\jamie\desktop\c++practiceplugins\pfmproject0\source\pluginprocessor.h(52): error C2062: type 'int' unexpected (compiling source file ..\..\Source\PluginEditor.cpp)
c:\users\jamie\desktop\c++practiceplugins\pfmproject0\source\pluginprocessor.h(52): error C2238: unexpected token(s) preceding ';' (compiling source file ..\..\Source\PluginProcessor.cpp)
c:\users\jamie\desktop\c++practiceplugins\pfmproject0\source\pluginprocessor.h(52): error C2238: unexpected token(s) preceding ';' (compiling source file ..\..\Source\PluginEditor.cpp)
c:\users\jamie\desktop\c++practiceplugins\pfmproject0\source\pluginprocessor.h(53): error C2653: 'juce': is not a class or namespace name (compiling source file ..\..\Source\PluginProcessor.cpp)
c:\users\jamie\desktop\c++practiceplugins\pfmproject0\source\pluginprocessor.h(53): error C2653: 'juce': is not a class or namespace name (compiling source file ..\..\Source\PluginEditor.cpp)
c:\users\jamie\desktop\c++practiceplugins\pfmproject0\source\pluginprocessor.h(53): error C4430: missing type specifier - int assumed. Note: C++ does not support default-int (compiling source file ..\..\Source\PluginProcessor.cpp)
c:\users\jamie\desktop\c++practiceplugins\pfmproject0\source\pluginprocessor.h(53): error C4430: missing type specifier - int assumed. Note: C++ does not support default-int (compiling source file ..\..\Source\PluginEditor.cpp)
c:\users\jamie\desktop\c++practiceplugins\pfmproject0\source\pluginprocessor.h(53): error C2143: syntax error: missing ',' before '&' (compiling source file ..\..\Source\PluginProcessor.cpp)
c:\users\jamie\desktop\c++practiceplugins\pfmproject0\source\pluginprocessor.h(53): error C2143: syntax error: missing ',' before '&' (compiling source file ..\..\Source\PluginEditor.cpp)
c:\users\jamie\desktop\c++practiceplugins\pfmproject0\source\pluginprocessor.h(56): error C2653: 'juce': is not a class or namespace name (compiling source file ..\..\Source\PluginProcessor.cpp)
c:\users\jamie\desktop\c++practiceplugins\pfmproject0\source\pluginprocessor.h(56): error C2653: 'juce': is not a class or namespace name (compiling source file ..\..\Source\PluginEditor.cpp)
c:\users\jamie\desktop\c++practiceplugins\pfmproject0\source\pluginprocessor.h(56): error C2061: syntax error: identifier 'MemoryBlock' (compiling source file ..\..\Source\PluginProcessor.cpp)
c:\users\jamie\desktop\c++practiceplugins\pfmproject0\source\pluginprocessor.h(56): error C2061: syntax error: identifier 'MemoryBlock' (compiling source file ..\..\Source\PluginEditor.cpp)
c:\users\jamie\desktop\c++practiceplugins\pfmproject0\source\pluginprocessor.h(62): error C2143: syntax error: missing ';' before '}' (compiling source file ..\..\Source\PluginProcessor.cpp)
c:\users\jamie\desktop\c++practiceplugins\pfmproject0\source\pluginprocessor.h(62): error C2143: syntax error: missing ';' before '}' (compiling source file ..\..\Source\PluginEditor.cpp)
c:\users\jamie\desktop\c++practiceplugins\pfmproject0\source\pluginprocessor.h(62): error C4430: missing type specifier - int assumed. Note: C++ does not support default-int (compiling source file ..\..\Source\PluginProcessor.cpp)
c:\users\jamie\desktop\c++practiceplugins\pfmproject0\source\pluginprocessor.h(62): error C4430: missing type specifier - int assumed. Note: C++ does not support default-int (compiling source file ..\..\Source\PluginEditor.cpp)
c:\users\jamie\desktop\c++practiceplugins\pfmproject0\source\pluginprocessor.h(62): warning C4183: 'JUCE_DECLARE_NON_COPYABLE_WITH_LEAK_DETECTOR': missing return type; assumed to be a member function returning 'int' (compiling source file ..\..\Source\PluginProcessor.cpp)
c:\users\jamie\desktop\c++practiceplugins\pfmproject0\source\pluginprocessor.h(62): warning C4183: 'JUCE_DECLARE_NON_COPYABLE_WITH_LEAK_DETECTOR': missing return type; assumed to be a member function returning 'int' (compiling source file ..\..\Source\PluginEditor.cpp)
c:\users\jamie\desktop\c++practiceplugins\pfmproject0\source\pluginprocessor.h(24): error C3668: 'PFMProject0AudioProcessor::~PFMProject0AudioProcessor': method with override specifier 'override' did not override any base class methods (compiling source file ..\..\Source\PluginProcessor.cpp)
c:\users\jamie\desktop\c++practiceplugins\pfmproject0\source\pluginprocessor.h(24): error C3668: 'PFMProject0AudioProcessor::~PFMProject0AudioProcessor': method with override specifier 'override' did not override any base class methods (compiling source file ..\..\Source\PluginEditor.cpp)
c:\users\jamie\desktop\c++practiceplugins\pfmproject0\source\pluginprocessor.h(27): error C3668: 'PFMProject0AudioProcessor::prepareToPlay': method with override specifier 'override' did not override any base class methods (compiling source file ..\..\Source\PluginProcessor.cpp)
c:\users\jamie\desktop\c++practiceplugins\pfmproject0\source\pluginprocessor.h(27): error C3668: 'PFMProject0AudioProcessor::prepareToPlay': method with override specifier 'override' did not override any base class methods (compiling source file ..\..\Source\PluginEditor.cpp)
c:\users\jamie\desktop\c++practiceplugins\pfmproject0\source\pluginprocessor.h(28): error C3668: 'PFMProject0AudioProcessor::releaseResources': method with override specifier 'override' did not override any base class methods (compiling source file ..\..\Source\PluginProcessor.cpp)
c:\users\jamie\desktop\c++practiceplugins\pfmproject0\source\pluginprocessor.h(28): error C3668: 'PFMProject0AudioProcessor::releaseResources': method with override specifier 'override' did not override any base class methods (compiling source file ..\..\Source\PluginEditor.cpp)
c:\users\jamie\desktop\c++practiceplugins\pfmproject0\source\pluginprocessor.h(31): error C3668: 'PFMProject0AudioProcessor::isBusesLayoutSupported': method with override specifier 'override' did not override any base class methods (compiling source file ..\..\Source\PluginProcessor.cpp)
c:\users\jamie\desktop\c++practiceplugins\pfmproject0\source\pluginprocessor.h(31): error C3668: 'PFMProject0AudioProcessor::isBusesLayoutSupported': method with override specifier 'override' did not override any base class methods (compiling source file ..\..\Source\PluginEditor.cpp)
c:\users\jamie\desktop\c++practiceplugins\pfmproject0\source\pluginprocessor.h(34): error C3668: 'PFMProject0AudioProcessor::processBlock': method with override specifier 'override' did not override any base class methods (compiling source file ..\..\Source\PluginProcessor.cpp)
c:\users\jamie\desktop\c++practiceplugins\pfmproject0\source\pluginprocessor.h(34): error C3668: 'PFMProject0AudioProcessor::processBlock': method with override specifier 'override' did not override any base class methods (compiling source file ..\..\Source\PluginEditor.cpp)
c:\users\jamie\desktop\c++practiceplugins\pfmproject0\source\pluginprocessor.h(38): error C3668: 'PFMProject0AudioProcessor::hasEditor': method with override specifier 'override' did not override any base class methods (compiling source file ..\..\Source\PluginProcessor.cpp)
c:\users\jamie\desktop\c++practiceplugins\pfmproject0\source\pluginprocessor.h(38): error C3668: 'PFMProject0AudioProcessor::hasEditor': method with override specifier 'override' did not override any base class methods (compiling source file ..\..\Source\PluginEditor.cpp)
c:\users\jamie\desktop\c++practiceplugins\pfmproject0\source\pluginprocessor.h(43): error C3668: 'PFMProject0AudioProcessor::acceptsMidi': method with override specifier 'override' did not override any base class methods (compiling source file ..\..\Source\PluginProcessor.cpp)
c:\users\jamie\desktop\c++practiceplugins\pfmproject0\source\pluginprocessor.h(43): error C3668: 'PFMProject0AudioProcessor::acceptsMidi': method with override specifier 'override' did not override any base class methods (compiling source file ..\..\Source\PluginEditor.cpp)
c:\users\jamie\desktop\c++practiceplugins\pfmproject0\source\pluginprocessor.h(44): error C3668: 'PFMProject0AudioProcessor::producesMidi': method with override specifier 'override' did not override any base class methods (compiling source file ..\..\Source\PluginProcessor.cpp)
c:\users\jamie\desktop\c++practiceplugins\pfmproject0\source\pluginprocessor.h(44): error C3668: 'PFMProject0AudioProcessor::producesMidi': method with override specifier 'override' did not override any base class methods (compiling source file ..\..\Source\PluginEditor.cpp)
c:\users\jamie\desktop\c++practiceplugins\pfmproject0\source\pluginprocessor.h(45): error C3668: 'PFMProject0AudioProcessor::isMidiEffect': method with override specifier 'override' did not override any base class methods (compiling source file ..\..\Source\PluginProcessor.cpp)
c:\users\jamie\desktop\c++practiceplugins\pfmproject0\source\pluginprocessor.h(45): error C3668: 'PFMProject0AudioProcessor::isMidiEffect': method with override specifier 'override' did not override any base class methods (compiling source file ..\..\Source\PluginEditor.cpp)
c:\users\jamie\desktop\c++practiceplugins\pfmproject0\source\pluginprocessor.h(46): error C3668: 'PFMProject0AudioProcessor::getTailLengthSeconds': method with override specifier 'override' did not override any base class methods (compiling source file ..\..\Source\PluginProcessor.cpp)
c:\users\jamie\desktop\c++practiceplugins\pfmproject0\source\pluginprocessor.h(46): error C3668: 'PFMProject0AudioProcessor::getTailLengthSeconds': method with override specifier 'override' did not override any base class methods (compiling source file ..\..\Source\PluginEditor.cpp)
c:\users\jamie\desktop\c++practiceplugins\pfmproject0\source\pluginprocessor.h(49): error C3668: 'PFMProject0AudioProcessor::getNumPrograms': method with override specifier 'override' did not override any base class methods (compiling source file ..\..\Source\PluginProcessor.cpp)
c:\users\jamie\desktop\c++practiceplugins\pfmproject0\source\pluginprocessor.h(49): error C3668: 'PFMProject0AudioProcessor::getNumPrograms': method with override specifier 'override' did not override any base class methods (compiling source file ..\..\Source\PluginEditor.cpp)
c:\users\jamie\desktop\c++practiceplugins\pfmproject0\source\pluginprocessor.h(50): error C3668: 'PFMProject0AudioProcessor::getCurrentProgram': method with override specifier 'override' did not override any base class methods (compiling source file ..\..\Source\PluginProcessor.cpp)
c:\users\jamie\desktop\c++practiceplugins\pfmproject0\source\pluginprocessor.h(50): error C3668: 'PFMProject0AudioProcessor::getCurrentProgram': method with override specifier 'override' did not override any base class methods (compiling source file ..\..\Source\PluginEditor.cpp)
c:\users\jamie\desktop\c++practiceplugins\pfmproject0\source\pluginprocessor.h(51): error C3668: 'PFMProject0AudioProcessor::setCurrentProgram': method with override specifier 'override' did not override any base class methods (compiling source file ..\..\Source\PluginProcessor.cpp)
c:\users\jamie\desktop\c++practiceplugins\pfmproject0\source\pluginprocessor.h(51): error C3668: 'PFMProject0AudioProcessor::setCurrentProgram': method with override specifier 'override' did not override any base class methods (compiling source file ..\..\Source\PluginEditor.cpp)
c:\users\jamie\desktop\c++practiceplugins\pfmproject0\source\pluginprocessor.h(53): error C3668: 'PFMProject0AudioProcessor::changeProgramName': method with override specifier 'override' did not override any base class methods (compiling source file ..\..\Source\PluginProcessor.cpp)
c:\users\jamie\desktop\c++practiceplugins\pfmproject0\source\pluginprocessor.h(53): error C3668: 'PFMProject0AudioProcessor::changeProgramName': method with override specifier 'override' did not override any base class methods (compiling source file ..\..\Source\PluginEditor.cpp)
c:\users\jamie\desktop\c++practiceplugins\pfmproject0\source\pluginprocessor.h(56): error C3668: 'PFMProject0AudioProcessor::getStateInformation': method with override specifier 'override' did not override any base class methods (compiling source file ..\..\Source\PluginProcessor.cpp)
c:\users\jamie\desktop\c++practiceplugins\pfmproject0\source\pluginprocessor.h(56): error C3668: 'PFMProject0AudioProcessor::getStateInformation': method with override specifier 'override' did not override any base class methods (compiling source file ..\..\Source\PluginEditor.cpp)
c:\users\jamie\desktop\c++practiceplugins\pfmproject0\source\pluginprocessor.h(57): error C3668: 'PFMProject0AudioProcessor::setStateInformation': method with override specifier 'override' did not override any base class methods (compiling source file ..\..\Source\PluginProcessor.cpp)
c:\users\jamie\desktop\c++practiceplugins\pfmproject0\source\pluginprocessor.h(57): error C3668: 'PFMProject0AudioProcessor::setStateInformation': method with override specifier 'override' did not override any base class methods (compiling source file ..\..\Source\PluginEditor.cpp)
c:\users\jamie\desktop\c++practiceplugins\pfmproject0\source\plugineditor.h(18): error C2653: 'juce': is not a class or namespace name (compiling source file ..\..\Source\PluginProcessor.cpp)
c:\users\jamie\desktop\c++practiceplugins\pfmproject0\source\plugineditor.h(18): error C2653: 'juce': is not a class or namespace name (compiling source file ..\..\Source\PluginEditor.cpp)
c:\users\jamie\desktop\c++practiceplugins\pfmproject0\source\plugineditor.h(18): error C2504: 'AudioProcessorEditor': base class undefined (compiling source file ..\..\Source\PluginProcessor.cpp)
c:\users\jamie\desktop\c++practiceplugins\pfmproject0\source\plugineditor.h(18): error C2504: 'AudioProcessorEditor': base class undefined (compiling source file ..\..\Source\PluginEditor.cpp)
c:\users\jamie\desktop\c++practiceplugins\pfmproject0\source\plugineditor.h(24): error C2653: 'juce': is not a class or namespace name (compiling source file ..\..\Source\PluginProcessor.cpp)
c:\users\jamie\desktop\c++practiceplugins\pfmproject0\source\plugineditor.h(24): error C2653: 'juce': is not a class or namespace name (compiling source file ..\..\Source\PluginEditor.cpp)
c:\users\jamie\desktop\c++practiceplugins\pfmproject0\source\plugineditor.h(24): error C2061: syntax error: identifier 'Graphics' (compiling source file ..\..\Source\PluginProcessor.cpp)
c:\users\jamie\desktop\c++practiceplugins\pfmproject0\source\plugineditor.h(24): error C2061: syntax error: identifier 'Graphics' (compiling source file ..\..\Source\PluginEditor.cpp)
c:\users\jamie\desktop\c++practiceplugins\pfmproject0\source\plugineditor.h(33): error C2143: syntax error: missing ';' before '}' (compiling source file ..\..\Source\PluginProcessor.cpp)
c:\users\jamie\desktop\c++practiceplugins\pfmproject0\source\plugineditor.h(33): error C2143: syntax error: missing ';' before '}' (compiling source file ..\..\Source\PluginEditor.cpp)
c:\users\jamie\desktop\c++practiceplugins\pfmproject0\source\plugineditor.h(33): error C4430: missing type specifier - int assumed. Note: C++ does not support default-int (compiling source file ..\..\Source\PluginProcessor.cpp)
c:\users\jamie\desktop\c++practiceplugins\pfmproject0\source\plugineditor.h(33): error C4430: missing type specifier - int assumed. Note: C++ does not support default-int (compiling source file ..\..\Source\PluginEditor.cpp)
c:\users\jamie\desktop\c++practiceplugins\pfmproject0\source\plugineditor.h(33): warning C4183: 'JUCE_DECLARE_NON_COPYABLE_WITH_LEAK_DETECTOR': missing return type; assumed to be a member function returning 'int' (compiling source file ..\..\Source\PluginProcessor.cpp)
c:\users\jamie\desktop\c++practiceplugins\pfmproject0\source\plugineditor.h(33): warning C4183: 'JUCE_DECLARE_NON_COPYABLE_WITH_LEAK_DETECTOR': missing return type; assumed to be a member function returning 'int' (compiling source file ..\..\Source\PluginEditor.cpp)
c:\users\jamie\desktop\c++practiceplugins\pfmproject0\source\plugineditor.h(21): error C3668: 'PFMProject0AudioProcessorEditor::~PFMProject0AudioProcessorEditor': method with override specifier 'override' did not override any base class methods (compiling source file ..\..\Source\PluginProcessor.cpp)
c:\users\jamie\desktop\c++practiceplugins\pfmproject0\source\plugineditor.h(21): error C3668: 'PFMProject0AudioProcessorEditor::~PFMProject0AudioProcessorEditor': method with override specifier 'override' did not override any base class methods (compiling source file ..\..\Source\PluginEditor.cpp)
c:\users\jamie\desktop\c++practiceplugins\pfmproject0\source\plugineditor.h(24): error C3668: 'PFMProject0AudioProcessorEditor::paint': method with override specifier 'override' did not override any base class methods (compiling source file ..\..\Source\PluginProcessor.cpp)
c:\users\jamie\desktop\c++practiceplugins\pfmproject0\source\plugineditor.h(24): error C3668: 'PFMProject0AudioProcessorEditor::paint': method with override specifier 'override' did not override any base class methods (compiling source file ..\..\Source\PluginEditor.cpp)
c:\users\jamie\desktop\c++practiceplugins\pfmproject0\source\plugineditor.h(25): error C3668: 'PFMProject0AudioProcessorEditor::resized': method with override specifier 'override' did not override any base class methods (compiling source file ..\..\Source\PluginProcessor.cpp)
c:\users\jamie\desktop\c++practiceplugins\pfmproject0\source\plugineditor.h(25): error C3668: 'PFMProject0AudioProcessorEditor::resized': method with override specifier 'override' did not override any base class methods (compiling source file ..\..\Source\PluginEditor.cpp)
c:\users\jamie\desktop\c++practiceplugins\pfmproject0\source\pluginprocessor.cpp(15): error C3861: 'BusesProperties': identifier not found
c:\users\jamie\desktop\c++practiceplugins\pfmproject0\source\plugineditor.cpp(14): error C2614: 'PFMProject0AudioProcessorEditor': illegal member initialization: 'AudioProcessorEditor' is not a base or member
c:\users\jamie\desktop\c++practiceplugins\pfmproject0\source\pluginprocessor.cpp(18): error C2653: 'juce': is not a class or namespace name
c:\users\jamie\desktop\c++practiceplugins\pfmproject0\source\plugineditor.cpp(18): error C3861: 'setSize': identifier not found
c:\users\jamie\desktop\c++practiceplugins\pfmproject0\source\pluginprocessor.cpp(18): error C3861: 'stereo': identifier not found
c:\users\jamie\desktop\c++practiceplugins\pfmproject0\source\pluginprocessor.cpp(20): error C2653: 'juce': is not a class or namespace name
c:\users\jamie\desktop\c++practiceplugins\pfmproject0\source\pluginprocessor.cpp(20): error C3861: 'stereo': identifier not found
c:\users\jamie\desktop\c++practiceplugins\pfmproject0\source\plugineditor.cpp(26): error C2653: 'juce': is not a class or namespace name
c:\users\jamie\desktop\c++practiceplugins\pfmproject0\source\pluginprocessor.cpp(15): error C2614: 'PFMProject0AudioProcessor': illegal member initialization: 'AudioProcessor' is not a base or member
c:\users\jamie\desktop\c++practiceplugins\pfmproject0\source\plugineditor.cpp(26): error C2065: 'Graphics': undeclared identifier
c:\users\jamie\desktop\c++practiceplugins\pfmproject0\source\plugineditor.cpp(26): error C2065: 'g': undeclared identifier
c:\users\jamie\desktop\c++practiceplugins\pfmproject0\source\plugineditor.cpp(26): error C2761: 'void PFMProject0AudioProcessorEditor::paint(void)': redeclaration of member is not allowed
c:\users\jamie\desktop\c++practiceplugins\pfmproject0\source\pluginprocessor.cpp(32): error C2653: 'juce': is not a class or namespace name
c:\users\jamie\desktop\c++practiceplugins\pfmproject0\source\plugineditor.cpp(27): error C2448: 'PFMProject0AudioProcessorEditor::paint': function-style initializer appears to be a function definition
c:\users\jamie\desktop\c++practiceplugins\pfmproject0\source\pluginprocessor.cpp(32): error C4430: missing type specifier - int assumed. Note: C++ does not support default-int
c:\users\jamie\desktop\c++practiceplugins\pfmproject0\source\pluginprocessor.cpp(32): error C2039: 'getName': is not a member of 'PFMProject0AudioProcessor'
  c:\users\jamie\desktop\c++practiceplugins\pfmproject0\source\pluginprocessor.h(16): note: see declaration of 'PFMProject0AudioProcessor'
c:\users\jamie\desktop\c++practiceplugins\pfmproject0\source\pluginprocessor.cpp(32): error C2146: syntax error: missing ';' before identifier 'getName'
c:\users\jamie\desktop\c++practiceplugins\pfmproject0\source\pluginprocessor.cpp(33): error C2270: 'getName': modifiers not allowed on nonmember functions
c:\users\jamie\desktop\c++practiceplugins\pfmproject0\source\pluginprocessor.cpp(33): error C4430: missing type specifier - int assumed. Note: C++ does not support default-int
c:\users\jamie\desktop\c++practiceplugins\pfmproject0\source\pluginprocessor.cpp(34): error C2440: 'return': cannot convert from 'const char [12]' to 'int'
  c:\users\jamie\desktop\c++practiceplugins\pfmproject0\source\pluginprocessor.cpp(34): note: There is no context in which this conversion is possible
c:\users\jamie\desktop\c++practiceplugins\pfmproject0\source\pluginprocessor.cpp(35): error C2617: 'getName': inconsistent return statement
  c:\users\jamie\desktop\c++practiceplugins\pfmproject0\source\pluginprocessor.cpp(32): note: see declaration of 'getName'
c:\users\jamie\desktop\c++practiceplugins\pfmproject0\source\pluginprocessor.cpp(84): error C2653: 'juce': is not a class or namespace name
c:\users\jamie\desktop\c++practiceplugins\pfmproject0\source\pluginprocessor.cpp(84): error C4430: missing type specifier - int assumed. Note: C++ does not support default-int
c:\users\jamie\desktop\c++practiceplugins\pfmproject0\source\pluginprocessor.cpp(84): error C2039: 'getProgramName': is not a member of 'PFMProject0AudioProcessor'
  c:\users\jamie\desktop\c++practiceplugins\pfmproject0\source\pluginprocessor.h(16): note: see declaration of 'PFMProject0AudioProcessor'
c:\users\jamie\desktop\c++practiceplugins\pfmproject0\source\pluginprocessor.cpp(84): error C2086: 'const int String': redefinition
  c:\users\jamie\desktop\c++practiceplugins\pfmproject0\source\pluginprocessor.cpp(32): note: see declaration of 'String'
c:\users\jamie\desktop\c++practiceplugins\pfmproject0\source\pluginprocessor.cpp(84): error C2146: syntax error: missing ';' before identifier 'getProgramName'
c:\users\jamie\desktop\c++practiceplugins\pfmproject0\source\pluginprocessor.cpp(85): error C4430: missing type specifier - int assumed. Note: C++ does not support default-int
c:\users\jamie\desktop\c++practiceplugins\pfmproject0\source\pluginprocessor.cpp(89): error C2653: 'juce': is not a class or namespace name
c:\users\jamie\desktop\c++practiceplugins\pfmproject0\source\pluginprocessor.cpp(89): error C4430: missing type specifier - int assumed. Note: C++ does not support default-int
c:\users\jamie\desktop\c++practiceplugins\pfmproject0\source\pluginprocessor.cpp(89): error C2143: syntax error: missing ',' before '&'
c:\users\jamie\desktop\c++practiceplugins\pfmproject0\source\pluginprocessor.cpp(89): warning C4459: declaration of 'String' hides global declaration
  c:\users\jamie\desktop\c++practiceplugins\pfmproject0\source\pluginprocessor.cpp(32): note: see declaration of 'String'
c:\users\jamie\desktop\c++practiceplugins\pfmproject0\source\pluginprocessor.cpp(107): error C4430: missing type specifier - int assumed. Note: C++ does not support default-int
c:\users\jamie\desktop\c++practiceplugins\pfmproject0\source\pluginprocessor.cpp(107): error C2143: syntax error: missing ',' before '&'
c:\users\jamie\desktop\c++practiceplugins\pfmproject0\source\pluginprocessor.cpp(117): error C2065: 'layouts': undeclared identifier
c:\users\jamie\desktop\c++practiceplugins\pfmproject0\source\pluginprocessor.cpp(117): error C2653: 'juce': is not a class or namespace name
c:\users\jamie\desktop\c++practiceplugins\pfmproject0\source\pluginprocessor.cpp(117): error C3861: 'mono': identifier not found
c:\users\jamie\desktop\c++practiceplugins\pfmproject0\source\pluginprocessor.cpp(118): error C2065: 'layouts': undeclared identifier
c:\users\jamie\desktop\c++practiceplugins\pfmproject0\source\pluginprocessor.cpp(118): error C2653: 'juce': is not a class or namespace name
c:\users\jamie\desktop\c++practiceplugins\pfmproject0\source\pluginprocessor.cpp(118): error C3861: 'stereo': identifier not found
c:\users\jamie\desktop\c++practiceplugins\pfmproject0\source\pluginprocessor.cpp(123): error C2065: 'layouts': undeclared identifier
c:\users\jamie\desktop\c++practiceplugins\pfmproject0\source\pluginprocessor.cpp(132): error C2653: 'juce': is not a class or namespace name
c:\users\jamie\desktop\c++practiceplugins\pfmproject0\source\pluginprocessor.cpp(132): error C2065: 'AudioBuffer': undeclared identifier
c:\users\jamie\desktop\c++practiceplugins\pfmproject0\source\pluginprocessor.cpp(132): error C2062: type 'float' unexpected
c:\users\jamie\desktop\c++practiceplugins\pfmproject0\source\pluginprocessor.cpp(133): error C2143: syntax error: missing ';' before '{'
c:\users\jamie\desktop\c++practiceplugins\pfmproject0\source\pluginprocessor.cpp(133): error C2447: '{': missing function header (old-style formal list?)
c:\users\jamie\desktop\c++practiceplugins\pfmproject0\source\pluginprocessor.cpp(167): error C2653: 'juce': is not a class or namespace name
c:\users\jamie\desktop\c++practiceplugins\pfmproject0\source\pluginprocessor.cpp(167): error C2143: syntax error: missing ';' before '*'
c:\users\jamie\desktop\c++practiceplugins\pfmproject0\source\pluginprocessor.cpp(167): error C4430: missing type specifier - int assumed. Note: C++ does not support default-int
c:\users\jamie\desktop\c++practiceplugins\pfmproject0\source\pluginprocessor.cpp(167): error C2039: 'createEditor': is not a member of 'PFMProject0AudioProcessor'
  c:\users\jamie\desktop\c++practiceplugins\pfmproject0\source\pluginprocessor.h(16): note: see declaration of 'PFMProject0AudioProcessor'
c:\users\jamie\desktop\c++practiceplugins\pfmproject0\source\pluginprocessor.cpp(168): error C4430: missing type specifier - int assumed. Note: C++ does not support default-int
c:\users\jamie\desktop\c++practiceplugins\pfmproject0\source\pluginprocessor.cpp(168): error C2059: syntax error: '{'
c:\users\jamie\desktop\c++practiceplugins\pfmproject0\source\pluginprocessor.cpp(168): error C2143: syntax error: missing ';' before '{'
c:\users\jamie\desktop\c++practiceplugins\pfmproject0\source\pluginprocessor.cpp(168): error C2447: '{': missing function header (old-style formal list?)
c:\users\jamie\desktop\c++practiceplugins\pfmproject0\source\pluginprocessor.cpp(173): error C2653: 'juce': is not a class or namespace name
c:\users\jamie\desktop\c++practiceplugins\pfmproject0\source\pluginprocessor.cpp(173): error C2065: 'MemoryBlock': undeclared identifier
c:\users\jamie\desktop\c++practiceplugins\pfmproject0\source\pluginprocessor.cpp(173): error C2065: 'destData': undeclared identifier
c:\users\jamie\desktop\c++practiceplugins\pfmproject0\source\pluginprocessor.cpp(173): error C2761: 'void PFMProject0AudioProcessor::getStateInformation(void)': redeclaration of member is not allowed
c:\users\jamie\desktop\c++practiceplugins\pfmproject0\source\pluginprocessor.cpp(174): error C2448: 'PFMProject0AudioProcessor::getStateInformation': function-style initializer appears to be a function definition
c:\users\jamie\desktop\c++practiceplugins\pfmproject0\source\pluginprocessor.cpp(188): error C2653: 'juce': is not a class or namespace name
c:\users\jamie\desktop\c++practiceplugins\pfmproject0\source\pluginprocessor.cpp(188): error C2143: syntax error: missing ';' before '*'
c:\users\jamie\desktop\c++practiceplugins\pfmproject0\source\pluginprocessor.cpp(188): error C4430: missing type specifier - int assumed. Note: C++ does not support default-int
c:\users\jamie\desktop\c++practiceplugins\pfmproject0\source\pluginprocessor.cpp(188): error C2146: syntax error: missing ';' before identifier 'createPluginFilter'
c:\users\jamie\desktop\c++practiceplugins\pfmproject0\source\pluginprocessor.cpp(189): error C2143: syntax error: missing ';' before '{'
c:\users\jamie\desktop\c++practiceplugins\pfmproject0\source\pluginprocessor.cpp(189): error C2447: '{': missing function header (old-style formal list?)
